This is pdfTeX, Version 3.14159265-2.6-1.40.21 (TeX Live 2020/W32TeX) (preloaded format=pdflatex 2020.9.8)  29 OCT 2020 18:56
entering extended mode
 restricted \write18 enabled.
 %&-line parsing enabled.
**1.4.5.tex
(./1.4.5.tex
LaTeX2e <2020-02-02> patch level 5
L3 programming layer <2020-09-06>
(c:/texlive/2020/texmf-dist/tex/latex/base/article.cls
Document Class: article 2019/12/20 v1.4l Standard LaTeX document class
(c:/texlive/2020/texmf-dist/tex/latex/base/size12.clo
File: size12.clo 2019/12/20 v1.4l Standard LaTeX file (size option)
)
\c@part=\count168
\c@section=\count169
\c@subsection=\count170
\c@subsubsection=\count171
\c@paragraph=\count172
\c@subparagraph=\count173
\c@figure=\count174
\c@table=\count175
\abovecaptionskip=\skip47
\belowcaptionskip=\skip48
\bibindent=\dimen134
)
(c:/texlive/2020/texmf-dist/tex/latex/base/fontenc.sty
Package: fontenc 2020/02/11 v2.0o Standard LaTeX package

(c:/texlive/2020/texmf-dist/tex/latex/cyrillic/t2aenc.def
File: t2aenc.def 2005/09/27 v1.0i Cyrillic encoding definition file
Now handling font encoding T2A ...
... processing UTF-8 mapping file for font encoding T2A

(c:/texlive/2020/texmf-dist/tex/latex/base/t2aenc.dfu
File: t2aenc.dfu 2019/11/14 v1.2k UTF-8 support for inputenc
   defining Unicode char U+00A4 (decimal 164)
   defining Unicode char U+00A7 (decimal 167)
   defining Unicode char U+00AB (decimal 171)
   defining Unicode char U+00BB (decimal 187)
   defining Unicode char U+0131 (decimal 305)
   defining Unicode char U+0237 (decimal 567)
   defining Unicode char U+0400 (decimal 1024)
   defining Unicode char U+0401 (decimal 1025)
   defining Unicode char U+0402 (decimal 1026)
   defining Unicode char U+0403 (decimal 1027)
   defining Unicode char U+0404 (decimal 1028)
   defining Unicode char U+0405 (decimal 1029)
   defining Unicode char U+0406 (decimal 1030)
   defining Unicode char U+0407 (decimal 1031)
   defining Unicode char U+0408 (decimal 1032)
   defining Unicode char U+0409 (decimal 1033)
   defining Unicode char U+040A (decimal 1034)
   defining Unicode char U+040B (decimal 1035)
   defining Unicode char U+040C (decimal 1036)
   defining Unicode char U+040D (decimal 1037)
   defining Unicode char U+040E (decimal 1038)
   defining Unicode char U+040F (decimal 1039)
   defining Unicode char U+0410 (decimal 1040)
   defining Unicode char U+0411 (decimal 1041)
   defining Unicode char U+0412 (decimal 1042)
   defining Unicode char U+0413 (decimal 1043)
   defining Unicode char U+0414 (decimal 1044)
   defining Unicode char U+0415 (decimal 1045)
   defining Unicode char U+0416 (decimal 1046)
   defining Unicode char U+0417 (decimal 1047)
   defining Unicode char U+0418 (decimal 1048)
   defining Unicode char U+0419 (decimal 1049)
   defining Unicode char U+041A (decimal 1050)
   defining Unicode char U+041B (decimal 1051)
   defining Unicode char U+041C (decimal 1052)
   defining Unicode char U+041D (decimal 1053)
   defining Unicode char U+041E (decimal 1054)
   defining Unicode char U+041F (decimal 1055)
   defining Unicode char U+0420 (decimal 1056)
   defining Unicode char U+0421 (decimal 1057)
   defining Unicode char U+0422 (decimal 1058)
   defining Unicode char U+0423 (decimal 1059)
   defining Unicode char U+0424 (decimal 1060)
   defining Unicode char U+0425 (decimal 1061)
   defining Unicode char U+0426 (decimal 1062)
   defining Unicode char U+0427 (decimal 1063)
   defining Unicode char U+0428 (decimal 1064)
   defining Unicode char U+0429 (decimal 1065)
   defining Unicode char U+042A (decimal 1066)
   defining Unicode char U+042B (decimal 1067)
   defining Unicode char U+042C (decimal 1068)
   defining Unicode char U+042D (decimal 1069)
   defining Unicode char U+042E (decimal 1070)
   defining Unicode char U+042F (decimal 1071)
   defining Unicode char U+0430 (decimal 1072)
   defining Unicode char U+0431 (decimal 1073)
   defining Unicode char U+0432 (decimal 1074)
   defining Unicode char U+0433 (decimal 1075)
   defining Unicode char U+0434 (decimal 1076)
   defining Unicode char U+0435 (decimal 1077)
   defining Unicode char U+0436 (decimal 1078)
   defining Unicode char U+0437 (decimal 1079)
   defining Unicode char U+0438 (decimal 1080)
   defining Unicode char U+0439 (decimal 1081)
   defining Unicode char U+043A (decimal 1082)
   defining Unicode char U+043B (decimal 1083)
   defining Unicode char U+043C (decimal 1084)
   defining Unicode char U+043D (decimal 1085)
   defining Unicode char U+043E (decimal 1086)
   defining Unicode char U+043F (decimal 1087)
   defining Unicode char U+0440 (decimal 1088)
   defining Unicode char U+0441 (decimal 1089)
   defining Unicode char U+0442 (decimal 1090)
   defining Unicode char U+0443 (decimal 1091)
   defining Unicode char U+0444 (decimal 1092)
   defining Unicode char U+0445 (decimal 1093)
   defining Unicode char U+0446 (decimal 1094)
   defining Unicode char U+0447 (decimal 1095)
   defining Unicode char U+0448 (decimal 1096)
   defining Unicode char U+0449 (decimal 1097)
   defining Unicode char U+044A (decimal 1098)
   defining Unicode char U+044B (decimal 1099)
   defining Unicode char U+044C (decimal 1100)
   defining Unicode char U+044D (decimal 1101)
   defining Unicode char U+044E (decimal 1102)
   defining Unicode char U+044F (decimal 1103)
   defining Unicode char U+0450 (decimal 1104)
   defining Unicode char U+0451 (decimal 1105)
   defining Unicode char U+0452 (decimal 1106)
   defining Unicode char U+0453 (decimal 1107)
   defining Unicode char U+0454 (decimal 1108)
   defining Unicode char U+0455 (decimal 1109)
   defining Unicode char U+0456 (decimal 1110)
   defining Unicode char U+0457 (decimal 1111)
   defining Unicode char U+0458 (decimal 1112)
   defining Unicode char U+0459 (decimal 1113)
   defining Unicode char U+045A (decimal 1114)
   defining Unicode char U+045B (decimal 1115)
   defining Unicode char U+045C (decimal 1116)
   defining Unicode char U+045D (decimal 1117)
   defining Unicode char U+045E (decimal 1118)
   defining Unicode char U+045F (decimal 1119)
   defining Unicode char U+0490 (decimal 1168)
   defining Unicode char U+0491 (decimal 1169)
   defining Unicode char U+0492 (decimal 1170)
   defining Unicode char U+0493 (decimal 1171)
   defining Unicode char U+0496 (decimal 1174)
   defining Unicode char U+0497 (decimal 1175)
   defining Unicode char U+0498 (decimal 1176)
   defining Unicode char U+0499 (decimal 1177)
   defining Unicode char U+049A (decimal 1178)
   defining Unicode char U+049B (decimal 1179)
   defining Unicode char U+049C (decimal 1180)
   defining Unicode char U+049D (decimal 1181)
   defining Unicode char U+04A0 (decimal 1184)
   defining Unicode char U+04A1 (decimal 1185)
   defining Unicode char U+04A2 (decimal 1186)
   defining Unicode char U+04A3 (decimal 1187)
   defining Unicode char U+04A4 (decimal 1188)
   defining Unicode char U+04A5 (decimal 1189)
   defining Unicode char U+04AA (decimal 1194)
   defining Unicode char U+04AB (decimal 1195)
   defining Unicode char U+04AE (decimal 1198)
   defining Unicode char U+04AF (decimal 1199)
   defining Unicode char U+04B0 (decimal 1200)
   defining Unicode char U+04B1 (decimal 1201)
   defining Unicode char U+04B2 (decimal 1202)
   defining Unicode char U+04B3 (decimal 1203)
   defining Unicode char U+04B6 (decimal 1206)
   defining Unicode char U+04B7 (decimal 1207)
   defining Unicode char U+04B8 (decimal 1208)
   defining Unicode char U+04B9 (decimal 1209)
   defining Unicode char U+04BA (decimal 1210)
   defining Unicode char U+04BB (decimal 1211)
   defining Unicode char U+04C0 (decimal 1216)
   defining Unicode char U+04C1 (decimal 1217)
   defining Unicode char U+04C2 (decimal 1218)
   defining Unicode char U+04D0 (decimal 1232)
   defining Unicode char U+04D1 (decimal 1233)
   defining Unicode char U+04D2 (decimal 1234)
   defining Unicode char U+04D3 (decimal 1235)
   defining Unicode char U+04D4 (decimal 1236)
   defining Unicode char U+04D5 (decimal 1237)
   defining Unicode char U+04D6 (decimal 1238)
   defining Unicode char U+04D7 (decimal 1239)
   defining Unicode char U+04D8 (decimal 1240)
   defining Unicode char U+04D9 (decimal 1241)
   defining Unicode char U+04DA (decimal 1242)
   defining Unicode char U+04DB (decimal 1243)
   defining Unicode char U+04DC (decimal 1244)
   defining Unicode char U+04DD (decimal 1245)
   defining Unicode char U+04DE (decimal 1246)
   defining Unicode char U+04DF (decimal 1247)
   defining Unicode char U+04E2 (decimal 1250)
   defining Unicode char U+04E3 (decimal 1251)
   defining Unicode char U+04E4 (decimal 1252)
   defining Unicode char U+04E5 (decimal 1253)
   defining Unicode char U+04E6 (decimal 1254)
   defining Unicode char U+04E7 (decimal 1255)
   defining Unicode char U+04E8 (decimal 1256)
   defining Unicode char U+04E9 (decimal 1257)
   defining Unicode char U+04EC (decimal 1260)
   defining Unicode char U+04ED (decimal 1261)
   defining Unicode char U+04EE (decimal 1262)
   defining Unicode char U+04EF (decimal 1263)
   defining Unicode char U+04F0 (decimal 1264)
   defining Unicode char U+04F1 (decimal 1265)
   defining Unicode char U+04F2 (decimal 1266)
   defining Unicode char U+04F3 (decimal 1267)
   defining Unicode char U+04F4 (decimal 1268)
   defining Unicode char U+04F5 (decimal 1269)
   defining Unicode char U+04F8 (decimal 1272)
   defining Unicode char U+04F9 (decimal 1273)
   defining Unicode char U+200C (decimal 8204)
   defining Unicode char U+2013 (decimal 8211)
   defining Unicode char U+2014 (decimal 8212)
   defining Unicode char U+2018 (decimal 8216)
   defining Unicode char U+2019 (decimal 8217)
   defining Unicode char U+201C (decimal 8220)
   defining Unicode char U+201D (decimal 8221)
   defining Unicode char U+201E (decimal 8222)
   defining Unicode char U+2030 (decimal 8240)
   defining Unicode char U+2031 (decimal 8241)
   defining Unicode char U+2116 (decimal 8470)
   defining Unicode char U+2329 (decimal 9001)
   defining Unicode char U+232A (decimal 9002)
   defining Unicode char U+2423 (decimal 9251)
   defining Unicode char U+27E8 (decimal 10216)
   defining Unicode char U+27E9 (decimal 10217)
   defining Unicode char U+FB00 (decimal 64256)
   defining Unicode char U+FB01 (decimal 64257)
   defining Unicode char U+FB02 (decimal 64258)
   defining Unicode char U+FB03 (decimal 64259)
   defining Unicode char U+FB04 (decimal 64260)
   defining Unicode char U+FB05 (decimal 64261)
   defining Unicode char U+FB06 (decimal 64262)
))
LaTeX Font Info:    Trying to load font information for T2A+cmr on input line 1
12.

(c:/texlive/2020/texmf-dist/tex/latex/cyrillic/t2acmr.fd
File: t2acmr.fd 2001/08/11 v1.0a Computer Modern Cyrillic font definitions
))
(c:/texlive/2020/texmf-dist/tex/latex/base/inputenc.sty
Package: inputenc 2018/08/11 v1.3c Input encoding file
\inpenc@prehook=\toks15
\inpenc@posthook=\toks16
)
(c:/texlive/2020/texmf-dist/tex/generic/babel/babel.sty
Package: babel 2020/09/01 3.48 The Babel package

(c:/texlive/2020/texmf-dist/tex/generic/babel/babel.def
File: babel.def 2020/09/01 3.48 Babel common definitions
\babel@savecnt=\count176
\U@D=\dimen135
\l@babelnohyphens=\language86

(c:/texlive/2020/texmf-dist/tex/generic/babel/txtbabel.def)
\bbl@readstream=\read2
)
\bbl@dirlevel=\count177

(c:/texlive/2020/texmf-dist/tex/generic/babel-russian/russianb.ldf
Language: russian 2017/08/12 1.3j Russian support for the Babel system
Package babel Info: Making " an active character on input line 120.
Package babel Info: Default for \cyrdash is provided on input line 157.
)
(c:/texlive/2020/texmf-dist/tex/generic/babel-english/english.ldf
Language: english 2017/06/06 v3.3r English support from the babel system
Package babel Info: \l@canadian = using hyphenrules for english
(babel)             (\language0) on input line 102.
Package babel Info: \l@australian = using hyphenrules for ukenglish
(babel)             (\language21) on input line 105.
Package babel Info: \l@newzealand = using hyphenrules for ukenglish
(babel)             (\language21) on input line 108.
))
(c:/texlive/2020/texmf-dist/tex/latex/graphics/graphicx.sty
Package: graphicx 2019/11/30 v1.2a Enhanced LaTeX Graphics (DPC,SPQR)

(c:/texlive/2020/texmf-dist/tex/latex/graphics/keyval.sty
Package: keyval 2014/10/28 v1.15 key=value parser (DPC)
\KV@toks@=\toks17
)
(c:/texlive/2020/texmf-dist/tex/latex/graphics/graphics.sty
Package: graphics 2019/11/30 v1.4a Standard LaTeX Graphics (DPC,SPQR)

(c:/texlive/2020/texmf-dist/tex/latex/graphics/trig.sty
Package: trig 2016/01/03 v1.10 sin cos tan (DPC)
)
(c:/texlive/2020/texmf-dist/tex/latex/graphics-cfg/graphics.cfg
File: graphics.cfg 2016/06/04 v1.11 sample graphics configuration
)
Package graphics Info: Driver file: pdftex.def on input line 105.

(c:/texlive/2020/texmf-dist/tex/latex/graphics-def/pdftex.def
File: pdftex.def 2020/08/26 v1.2 Graphics/color driver for pdftex
))
\Gin@req@height=\dimen136
\Gin@req@width=\dimen137
)
(c:/texlive/2020/texmf-dist/tex/latex/amsmath/amsmath.sty
Package: amsmath 2020/01/20 v2.17e AMS math features
\@mathmargin=\skip49

For additional information on amsmath, use the `?' option.
(c:/texlive/2020/texmf-dist/tex/latex/amsmath/amstext.sty
Package: amstext 2000/06/29 v2.01 AMS text

(c:/texlive/2020/texmf-dist/tex/latex/amsmath/amsgen.sty
File: amsgen.sty 1999/11/30 v2.0 generic functions
\@emptytoks=\toks18
\ex@=\dimen138
))
(c:/texlive/2020/texmf-dist/tex/latex/amsmath/amsbsy.sty
Package: amsbsy 1999/11/29 v1.2d Bold Symbols
\pmbraise@=\dimen139
)
(c:/texlive/2020/texmf-dist/tex/latex/amsmath/amsopn.sty
Package: amsopn 2016/03/08 v2.02 operator names
)
\inf@bad=\count178
LaTeX Info: Redefining \frac on input line 227.
\uproot@=\count179
\leftroot@=\count180
LaTeX Info: Redefining \overline on input line 389.
\classnum@=\count181
\DOTSCASE@=\count182
LaTeX Info: Redefining \ldots on input line 486.
LaTeX Info: Redefining \dots on input line 489.
LaTeX Info: Redefining \cdots on input line 610.
\Mathstrutbox@=\box45
\strutbox@=\box46
\big@size=\dimen140
LaTeX Font Info:    Redeclaring font encoding OML on input line 733.
LaTeX Font Info:    Redeclaring font encoding OMS on input line 734.
\macc@depth=\count183
\c@MaxMatrixCols=\count184
\dotsspace@=\muskip16
\c@parentequation=\count185
\dspbrk@lvl=\count186
\tag@help=\toks19
\row@=\count187
\column@=\count188
\maxfields@=\count189
\andhelp@=\toks20
\eqnshift@=\dimen141
\alignsep@=\dimen142
\tagshift@=\dimen143
\tagwidth@=\dimen144
\totwidth@=\dimen145
\lineht@=\dimen146
\@envbody=\toks21
\multlinegap=\skip50
\multlinetaggap=\skip51
\mathdisplay@stack=\toks22
LaTeX Info: Redefining \[ on input line 2859.
LaTeX Info: Redefining \] on input line 2860.
)
(c:/texlive/2020/texmf-dist/tex/latex/amsfonts/amsfonts.sty
Package: amsfonts 2013/01/14 v3.01 Basic AMSFonts support
\symAMSa=\mathgroup4
\symAMSb=\mathgroup5
LaTeX Font Info:    Redeclaring math symbol \hbar on input line 98.
LaTeX Font Info:    Overwriting math alphabet `\mathfrak' in version `bold'
(Font)                  U/euf/m/n --> U/euf/b/n on input line 106.
)
(c:/texlive/2020/texmf-dist/tex/latex/amsfonts/amssymb.sty
Package: amssymb 2013/01/14 v3.01 AMS font symbols
)
(c:/texlive/2020/texmf-dist/tex/latex/amscls/amsthm.sty
Package: amsthm 2020/05/29 v2.20.6
\thm@style=\toks23
\thm@bodyfont=\toks24
\thm@headfont=\toks25
\thm@notefont=\toks26
\thm@headpunct=\toks27
\thm@preskip=\skip52
\thm@postskip=\skip53
\thm@headsep=\skip54
\dth@everypar=\toks28
)
(c:/texlive/2020/texmf-dist/tex/latex/mathtools/mathtools.sty
Package: mathtools 2020/03/24 v1.24 mathematical typesetting tools

(c:/texlive/2020/texmf-dist/tex/latex/tools/calc.sty
Package: calc 2017/05/25 v4.3 Infix arithmetic (KKT,FJ)
\calc@Acount=\count190
\calc@Bcount=\count191
\calc@Adimen=\dimen147
\calc@Bdimen=\dimen148
\calc@Askip=\skip55
\calc@Bskip=\skip56
LaTeX Info: Redefining \setlength on input line 80.
LaTeX Info: Redefining \addtolength on input line 81.
\calc@Ccount=\count192
\calc@Cskip=\skip57
)
(c:/texlive/2020/texmf-dist/tex/latex/mathtools/mhsetup.sty
Package: mhsetup 2017/03/31 v1.3 programming setup (MH)
)
LaTeX Info: Thecontrolsequence`\('isalreadyrobust on input line 130.
LaTeX Info: Thecontrolsequence`\)'isalreadyrobust on input line 130.
LaTeX Info: Thecontrolsequence`\['isalreadyrobust on input line 130.
LaTeX Info: Thecontrolsequence`\]'isalreadyrobust on input line 130.
\g_MT_multlinerow_int=\count193
\l_MT_multwidth_dim=\dimen149
\origjot=\skip58
\l_MT_shortvdotswithinadjustabove_dim=\dimen150
\l_MT_shortvdotswithinadjustbelow_dim=\dimen151
\l_MT_above_intertext_sep=\dimen152
\l_MT_below_intertext_sep=\dimen153
\l_MT_above_shortintertext_sep=\dimen154
\l_MT_below_shortintertext_sep=\dimen155
\xmathstrut@box=\box47
\xmathstrut@dim=\dimen156
)
(c:/texlive/2020/texmf-dist/tex/latex/wasysym/wasysym.sty
Package: wasysym 2020/01/19 v2.4 Wasy-2 symbol support package
\symwasy=\mathgroup6
LaTeX Font Info:    Overwriting symbol font `wasy' in version `bold'
(Font)                  U/wasy/m/n --> U/wasy/b/n on input line 93.
)
(c:/texlive/2020/texmf-dist/tex/latex/l3backend/l3backend-pdftex.def
File: l3backend-pdftex.def 2020-09-01 L3 backend support: PDF output (pdfTeX)
\l__kernel_color_stack_int=\count194
\l__pdf_internal_box=\box48
)
(./1.4.5.aux)
\openout1 = `1.4.5.aux'.

LaTeX Font Info:    Checking defaults for OML/cmm/m/it on input line 27.
LaTeX Font Info:    ... okay on input line 27.
LaTeX Font Info:    Checking defaults for OMS/cmsy/m/n on input line 27.
LaTeX Font Info:    ... okay on input line 27.
LaTeX Font Info:    Checking defaults for OT1/cmr/m/n on input line 27.
LaTeX Font Info:    ... okay on input line 27.
LaTeX Font Info:    Checking defaults for T1/cmr/m/n on input line 27.
LaTeX Font Info:    ... okay on input line 27.
LaTeX Font Info:    Checking defaults for TS1/cmr/m/n on input line 27.
LaTeX Font Info:    ... okay on input line 27.
LaTeX Font Info:    Checking defaults for OMX/cmex/m/n on input line 27.
LaTeX Font Info:    ... okay on input line 27.
LaTeX Font Info:    Checking defaults for U/cmr/m/n on input line 27.
LaTeX Font Info:    ... okay on input line 27.
LaTeX Font Info:    Checking defaults for T2A/cmr/m/n on input line 27.
LaTeX Font Info:    ... okay on input line 27.
 (c:/texlive/2020/texmf-dist/tex/context/base/mkii/supp-pdf.mkii
[Loading MPS to PDF converter (version 2006.09.02).]
\scratchcounter=\count195
\scratchdimen=\dimen157
\scratchbox=\box49
\nofMPsegments=\count196
\nofMParguments=\count197
\everyMPshowfont=\toks29
\MPscratchCnt=\count198
\MPscratchDim=\dimen158
\MPnumerator=\count199
\makeMPintoPDFobject=\count266
\everyMPtoPDFconversion=\toks30
) (c:/texlive/2020/texmf-dist/tex/latex/epstopdf-pkg/epstopdf-base.sty
Package: epstopdf-base 2020-01-24 v2.11 Base part for package epstopdf
Package epstopdf-base Info: Redefining graphics rule for `.eps' on input line 4
85.

(c:/texlive/2020/texmf-dist/tex/latex/latexconfig/epstopdf-sys.cfg
File: epstopdf-sys.cfg 2010/07/13 v1.3 Configuration of (r)epstopdf for TeX Liv
e
))
LaTeX Font Info:    Trying to load font information for U+msa on input line 29.


(c:/texlive/2020/texmf-dist/tex/latex/amsfonts/umsa.fd
File: umsa.fd 2013/01/14 v3.01 AMS symbols A
)
LaTeX Font Info:    Trying to load font information for U+msb on input line 29.


(c:/texlive/2020/texmf-dist/tex/latex/amsfonts/umsb.fd
File: umsb.fd 2013/01/14 v3.01 AMS symbols B
)
LaTeX Font Info:    Trying to load font information for U+wasy on input line 29
.

(c:/texlive/2020/texmf-dist/tex/latex/wasysym/uwasy.fd
File: uwasy.fd 2020/01/19 v2.4 Wasy-2 symbol font definitions
) [1

{c:/texlive/2020/texmf-var/fonts/map/pdftex/updmap/pdftex.map}]
Overfull \hbox (35.0504pt too wide) in paragraph at lines 38--40
\T2A/cmr/m/n/12 волны, получающейся в результате сложения волн, идущих в против
оположных
 []


Overfull \hbox (31.68945pt too wide) in paragraph at lines 47--62
\T2A/cmr/m/n/12 работе изучаются поперечные колебания стальной гитарной струны,
 натянутой
 []


Overfull \hbox (16.1898pt too wide) in paragraph at lines 47--62
\T2A/cmr/m/n/12 Основное свойство струны ^^V гибкость ^^V обусловлено тем, что 
еј поперечные
 []


Overfull \hbox (9.17424pt too wide) in paragraph at lines 47--62
\T2A/cmr/m/n/12 струне может быть направлено только вдоль неј, и позволяет не у
читывать
 []


Overfull \hbox (6.12514pt too wide) in paragraph at lines 47--62
\T2A/cmr/m/n/12 деформациях (то есть, при изгибе струны) . В натянутой струне в
озникает
 []


Overfull \hbox (12.49147pt too wide) in paragraph at lines 47--62
\T2A/cmr/m/n/12 поперечная упругость, т.е. способность сопротивляться всякому и
зменению
 []


Overfull \hbox (18.03467pt too wide) in paragraph at lines 47--62
\T2A/cmr/m/n/12 формы, происходящему без изменения объема. При вертикальном сме
щении
 []


Overfull \hbox (14.16658pt too wide) in paragraph at lines 47--62
\T2A/cmr/m/n/12 произвольного элемента струны, возникают силы, действующие на с
оседние
 []


Overfull \hbox (0.36383pt too wide) in paragraph at lines 47--62
\T2A/cmr/m/n/12 элементы, и в результате вся струна приходит в движение в верти
кальной
 []


Overfull \hbox (4.2326pt too wide) in paragraph at lines 47--62
\T2A/cmr/m/n/12 некоторой скоростью в обе стороны от места возбуждения. В ненат
янутом
 []


Overfull \hbox (19.02867pt too wide) in paragraph at lines 47--62
\T2A/cmr/m/n/12 состоянии струна не обладает свойством поперечной упругости и п
оперечные
 []

<pictures/1.4.5 1.png, id=8, 1009.97325pt x 386.6445pt>
File: pictures/1.4.5 1.png Graphic file (type png)
<use pictures/1.4.5 1.png>
Package pdftex.def Info: pictures/1.4.5 1.png  used on input line 63.
(pdftex.def)             Requested size: 390.0pt x 149.29811pt.

Overfull \hbox (17.62482pt too wide) in paragraph at lines 63--64
[][] 
 []


Overfull \hbox (0.20256pt too wide) in paragraph at lines 65--68
[]\T2A/cmr/m/n/12 Рассмотрим гибкую однородную струну, в которой создано натяже
ние
 []


Overfull \hbox (37.36937pt too wide) in paragraph at lines 65--68
\OML/cmm/m/it/12 T$\T2A/cmr/m/n/12 , и получим дифференциальное уравнение, опис
ывающее еј малые поперечные
 []


Overfull \hbox (20.81242pt too wide) in paragraph at lines 65--68
\T2A/cmr/m/n/12 свободные колебания. Отметим, что если струна расположена гориз
онтально
 []

[1 <./pictures/1.4.5 1.png>]
Overfull \hbox (3.40779pt too wide) in paragraph at lines 69--72
[]\T2A/cmr/m/n/12 Направим ось $\OML/cmm/m/it/12 x$ \T2A/cmr/m/n/12 вдоль струн
ы в положении равновесия. Форму струны
 []


Overfull \hbox (16.18336pt too wide) in paragraph at lines 69--72
\T2A/cmr/m/n/12 будем описывать функцией $\OML/cmm/m/it/12 y\OT1/cmr/m/n/12 (\O
ML/cmm/m/it/12 x; t\OT1/cmr/m/n/12 )$\T2A/cmr/m/n/12 , определяющей еј вертикал
ьное смещение
 []


Overfull \hbox (11.2474pt too wide) in paragraph at lines 73--79
\T2A/cmr/m/n/12 по касательной к струне. Их вертикальная составляющая будет стр
емиться
 []


Overfull \hbox (27.61057pt too wide) in paragraph at lines 73--79
\T2A/cmr/m/n/12 вернуть рассматриваемый участок струны к положению равновесия, 
придавая
 []


Overfull \hbox (4.93625pt too wide) in paragraph at lines 82--84
[]\T2A/cmr/m/n/12 Основываясь на предположении, что отклонения струны от положе
ния
 []


Overfull \hbox (12.92673pt too wide) in paragraph at lines 85--88
\T2A/cmr/m/n/12 длине участка в положении равновесия , поэтому добавочным напря
жением
 []


Overfull \hbox (9.0804pt too wide) in paragraph at lines 95--97
[]\T2A/cmr/m/n/12 (в последнем переходе использовано определение производной фу
нкции
 []

[2]
Overfull \hbox (7.00955pt too wide) in paragraph at lines 107--110
[]\T2A/cmr/m/n/12 Это уравнение называют волновым уравнением. Кроме волн на стр
уне,
 []


Overfull \hbox (25.43375pt too wide) in paragraph at lines 119--126
[]\T2A/cmr/m/n/12 Набор (спектр) разрешјнных частот $\OML/cmm/m/it/12 ^^W[]$ \T
2A/cmr/m/n/12 называют собственными частотами
 []


Overfull \hbox (5.4738pt too wide) in paragraph at lines 119--126
\T2A/cmr/m/n/12 колебаний струны. Режим колебаний, соответствующий каждой из ча
стот
 []


Overfull \hbox (12.94655pt too wide) in paragraph at lines 119--126
\OML/cmm/m/it/12 mode$ \T2A/cmr/m/n/12 ^^V режим). Произвольное колебание струн
ы может быть представлено
 []


Overfull \hbox (0.3638pt too wide) in paragraph at lines 119--126
\T2A/cmr/m/n/12 называется также основным тоном (или первой гармоникой), а оста
льные
 []


Overfull \hbox (24.24966pt too wide) in paragraph at lines 119--126
\T2A/cmr/m/n/12 ѕгармоникаї иногда употребляется в обобщенном смысле ^^V как эл
ементарная
 []


Overfull \hbox (2.73805pt too wide) in paragraph at lines 127--132
\T2A/cmr/m/n/12 погонной плотностью $\OML/cmm/m/it/12 ^^Z[]$\T2A/cmr/m/n/12 , с
илой натяжения $\OML/cmm/m/it/12 T$ \T2A/cmr/m/n/12 и длиной струны $\OML/cmm/m
/it/12 L$ \T2A/cmr/m/n/12 (отдельно
 []

<pictures/1.4.5 3.png, id=27, 838.332pt x 372.79276pt>
File: pictures/1.4.5 3.png Graphic file (type png)
<use pictures/1.4.5 3.png>
Package pdftex.def Info: pictures/1.4.5 3.png  used on input line 133.
(pdftex.def)             Requested size: 390.0pt x 173.42647pt.

Overfull \hbox (17.62482pt too wide) in paragraph at lines 133--134
[][] 
 []

[3]
Overfull \hbox (23.42078pt too wide) in paragraph at lines 137--147
\T2A/cmr/m/n/12 станине, устанавливая требуемую длину струны. Возбуждение и рег
истрация
 []


Overfull \hbox (12.99187pt too wide) in paragraph at lines 137--147
\T2A/cmr/m/n/12 колебаний струны осуществляются с помощью электромагнитных датч
иков
 []


Overfull \hbox (8.5758pt too wide) in paragraph at lines 137--147
\T2A/cmr/m/n/12 (вибраторов), расположенных на станине под струной. Электромагн
итный
 []


Overfull \hbox (1.24483pt too wide) in paragraph at lines 137--147
\T2A/cmr/m/n/12 датчик 6 подключен к звуковому генератору 7 и служит для возбуж
дения
 []


Overfull \hbox (0.68996pt too wide) in paragraph at lines 137--147
\T2A/cmr/m/n/12 струны регистрируются с помощью электромагнитного датчика 8, си
гнал
 []


Overfull \hbox (5.48683pt too wide) in paragraph at lines 137--147
\T2A/cmr/m/n/12 датчики с помощью кабелей соединяются с генератором и осциллогр
афом,
 []

<pictures/1.4.5 4.png, id=31, 542.025pt x 307.1475pt>
File: pictures/1.4.5 4.png Graphic file (type png)
<use pictures/1.4.5 4.png>
Package pdftex.def Info: pictures/1.4.5 4.png  used on input line 148.
(pdftex.def)             Requested size: 390.0pt x 221.00542pt.

Overfull \hbox (17.62482pt too wide) in paragraph at lines 148--149
[][] 
 []

[4 <./pictures/1.4.5 3.png>]
Overfull \hbox (1.05304pt too wide) in paragraph at lines 152--160
\T2A/cmr/m/n/12 постоянного магнита $\OML/cmm/m/it/12 B[]$ \T2A/cmr/m/n/12 и ма
лой добавочной составляющей поля катушек
 []

<pictures/1.4.5 5.png, id=36, 207.77625pt x 242.1045pt>
File: pictures/1.4.5 5.png Graphic file (type png)
<use pictures/1.4.5 5.png>
Package pdftex.def Info: pictures/1.4.5 5.png  used on input line 164.
(pdftex.def)             Requested size: 166.2212pt x 193.68387pt.
[5 <./pictures/1.4.5 4.png>]
Overfull \hbox (12.46638pt too wide) in paragraph at lines 167--174
[]\T2A/cmr/m/n/12 Отсюда видно, что при $\OML/cmm/m/it/12 B[] \OMS/cmsy/m/n/12 
^^\ \OML/cmm/m/it/12 B[]$ \T2A/cmr/m/n/12 сила $\OML/cmm/m/it/12 F$ \T2A/cmr/m/
n/12 линейно зависит от переменного
 []


Overfull \hbox (6.35281pt too wide) in paragraph at lines 167--174
\T2A/cmr/m/n/12 плоскости с частотой задающего генератора. Колебания далее пере
даются
 []


Overfull \hbox (6.7268pt too wide) in paragraph at lines 167--174
\T2A/cmr/m/n/12 по всей струне и, если частота колебаний совпадает с одной из с
обственных
 []


Overfull \hbox (0.57704pt too wide) in paragraph at lines 167--174
\T2A/cmr/m/n/12 частот струны, на струне устанавливается стоячая волна. Колеблю
щаяся
 []


Overfull \hbox (33.21759pt too wide) in paragraph at lines 167--174
\T2A/cmr/m/n/12 струна возбуждает в регистрирующей катушке переменную ЭДС с амп
литудой,
 []


Overfull \hbox (6.67776pt too wide) in paragraph at lines 167--174
\T2A/cmr/m/n/12 пропорциональной амплитуде колебаний струны. Сигнал ЭДС измеряе
тся
 []


Overfull \hbox (20.323pt too wide) in paragraph at lines 167--174
\T2A/cmr/m/n/12 с помощью осциллографа. Отметим, что магнитное поле наиболее од
нородно
 []


Overfull \hbox (0.59213pt too wide) in paragraph at lines 167--174
\T2A/cmr/m/n/12 следует расположить вблизи неподвижного конца струны (ближе к у
злу),
 []


Overfull \hbox (9.40247pt too wide) in paragraph at lines 177--182
[]\T2A/cmr/m/n/12 Для регистрации колебаний струны в работе используется электр
онный
 []


Overfull \hbox (10.04419pt too wide) in paragraph at lines 177--182
\T2A/cmr/m/n/12 осциллограф, соединјнный с электромагнитным датчиком 8. Он позв
оляет
 []


Overfull \hbox (30.5473pt too wide) in paragraph at lines 177--182
\T2A/cmr/m/n/12 регистрировать колебания в случаях, когда это невозможно сделат
ь визуально.
 []


Overfull \hbox (6.13939pt too wide) in paragraph at lines 177--182
\T2A/cmr/m/n/12 Также с помощью осциллографа можно измерять амплитуду возбужден
ия
 []


Overfull \hbox (24.73532pt too wide) in paragraph at lines 183--186
\T2A/cmr/m/n/12 (переключатель $\OML/cmm/m/it/12 MODE$ \T2A/cmr/m/n/12 в положе
нии $\OML/cmm/m/it/12 CH\OT1/cmr/m/n/12 2$\T2A/cmr/m/n/12 ) и двухканальном (пе
реключатель
 []


Overfull \hbox (20.36403pt too wide) in paragraph at lines 183--186
\OML/cmm/m/it/12 MODE$ \T2A/cmr/m/n/12 в положении $\OML/cmm/m/it/12 DUAL$\T2A/
cmr/m/n/12 ) режимах работы осциллографа ^^V по временной
 []


Overfull \hbox (44.90501pt too wide) in paragraph at lines 183--186
\T2A/cmr/m/n/12 развертке сигналов, а также в режиме сложения двух взаимно перп
ендикулярных
 []

[6 <./pictures/1.4.5 5.png>]
Overfull \hbox (26.58391pt too wide) in paragraph at lines 187--192
\T2A/cmr/m/n/12 развертки должен появиться сигнал синусоидальной формы. При чре
змерном
 []


Overfull \hbox (17.98444pt too wide) in paragraph at lines 187--192
\T2A/cmr/m/n/12 возбуждении вид синусоиды искажается, что свидетельствует об от
клонении
 []


Overfull \hbox (8.41943pt too wide) in paragraph at lines 187--192
\T2A/cmr/m/n/12 6 и канал CH1 осциллографа) и основной (снимаемый с датчика 8) 
сигналы
 []


Overfull \hbox (19.11696pt too wide) in paragraph at lines 187--192
\T2A/cmr/m/n/12 того, в режиме сложения сигналов (X^^UY) на экране должен прори
совываться
 []

<pictures/1.4.5 6.png, id=47, 211.38976pt x 291.489pt>
File: pictures/1.4.5 6.png Graphic file (type png)
<use pictures/1.4.5 6.png>
Package pdftex.def Info: pictures/1.4.5 6.png  used on input line 197.
(pdftex.def)             Requested size: 169.11201pt x 233.19151pt.
[7 <./pictures/1.4.5 6.png>]
Underfull \hbox (badness 10000) in paragraph at lines 209--211

 []


Overfull \hbox (29.89885pt too wide) in paragraph at lines 219--222
[]\T2A/cmr/m/n/12 Оценитваем скорость распространения волн, используя табличное
 значение
 []


Overfull \hbox (2.2237pt too wide) in paragraph at lines 219--222
\T2A/cmr/m/n/12 заданных значений длины струны и силы натяжения рассчитайте час
тоту
 []


Overfull \hbox (3.9096pt too wide) in paragraph at lines 225--229
\T2A/cmr/m/n/12 зажима струны 3. Определяем частоту первой гармоники по частото
меру.
 []


Overfull \hbox (2.54996pt too wide) in paragraph at lines 230--231
[]\T2A/cmr/m/n/12 Настраиваем осциллограф нужным образом и переходим к следующе
й
 []


Overfull \hbox (24.24951pt too wide) in paragraph at lines 240--240
[]\T2A/cmr/m/n/12 Для дальнейших измерений силы натяжения будем использовать фо
рмулу 
 []


Overfull \hbox (29.26868pt too wide) in paragraph at lines 242--243
[]\T2A/cmr/m/n/12 Где $\OML/cmm/m/it/12 M$ \T2A/cmr/m/n/12 -- масса установки (
платформы и ключка), а $\OML/cmm/m/it/12 m[]$ \T2A/cmr/m/n/12 -- масса подвешен
ных
 []

[8]
Underfull \hbox (badness 10000) in paragraph at lines 247--248

 []


Overfull \hbox (76.9916pt too wide) in paragraph at lines 251--263
 [] 
 []


Overfull \hbox (82.86653pt too wide) in paragraph at lines 268--280
 [] 
 []


Overfull \hbox (88.74147pt too wide) in paragraph at lines 285--296
 [] 
 []


Overfull \hbox (94.0053pt too wide) in paragraph at lines 301--312
 [] 
 []


Overfull \hbox (3.4454pt too wide) in paragraph at lines 314--315
\T2A/cmr/bx/n/12 Обработка результатов измерений 1. Сравнение значений частот 
 []


Overfull \hbox (18.99606pt too wide) in paragraph at lines 316--317
\T2A/cmr/m/n/12 законы, описывающие поведение струны, очень точны, а так же пог
решность
 []


Overfull \hbox (9.01094pt too wide) in paragraph at lines 316--317
\T2A/cmr/m/n/12 измерений крайне мала ввиду высокой точности осциллографа, гене
ратора
 []


Overfull \hbox (30.01555pt too wide) in paragraph at lines 318--324
\T2A/cmr/m/n/12 наблюдения явления переключаем осциллограф в режим ($\OML/cmm/m
/it/12 X$\T2A/cmr/m/n/12 --$\OML/cmm/m/it/12 Y$\T2A/cmr/m/n/12 ) и настраиваем
 []


Overfull \hbox (0.48335pt too wide) in paragraph at lines 318--324
\T2A/cmr/m/n/12 установку на наблюдение основной гармоники. Затем уменьшите час
тоту
 []


Overfull \hbox (39.25555pt too wide) in paragraph at lines 318--324
\T2A/cmr/m/n/12 осциллографа должна наблюдаться фигура Лиссажу с одним самопере
сечением.
 []

<pictures/1.4.5 7.png, id=55, 757.6305pt x 396.88275pt>
File: pictures/1.4.5 7.png Graphic file (type png)
<use pictures/1.4.5 7.png>
Package pdftex.def Info: pictures/1.4.5 7.png  used on input line 326.
(pdftex.def)             Requested size: 454.5818pt x 238.13148pt.

Overfull \hbox (64.5818pt too wide) in paragraph at lines 326--327
 [] 
 []

[9]
<pictures/1.4.5 8.png, id=59, 361.35pt x 358.33875pt>
File: pictures/1.4.5 8.png Graphic file (type png)
<use pictures/1.4.5 8.png>
Package pdftex.def Info: pictures/1.4.5 8.png  used on input line 332.
(pdftex.def)             Requested size: 307.14896pt x 304.58937pt.

Overfull \hbox (16.03944pt too wide) in paragraph at lines 335--336
[]\T2A/cmr/bx/n/12 Определение добротности $\OML/cmm/m/it/12 Q$ \T2A/cmr/bx/n/1
2 струны как колебательной системы 
 []


Overfull \hbox (11.99908pt too wide) in paragraph at lines 337--338
[]\T2A/cmr/m/n/12 Измерив еј амплитудно-частотную характеристику (АЧХ) вблизи о
дной
 []

[10 <./pictures/1.4.5 7.png> <./pictures/1.4.5 8.png>]
Overfull \hbox (30.61252pt too wide) in paragraph at lines 339--340
[]\T2A/cmr/m/n/12 Для расчјтов воспользуфемся известным из теории колебаний рез
ультатом:
 []

File: pictures/1.4.5 6.png Graphic file (type png)
<use pictures/1.4.5 6.png>
Package pdftex.def Info: pictures/1.4.5 6.png  used on input line 351.
(pdftex.def)             Requested size: 169.11201pt x 233.19151pt.
<pictures/1.4.5 9.jpg, id=65, 3092.55376pt x 2144.01pt>
File: pictures/1.4.5 9.jpg Graphic file (type jpg)
<use pictures/1.4.5 9.jpg>
Package pdftex.def Info: pictures/1.4.5 9.jpg  used on input line 361.
(pdftex.def)             Requested size: 525.72719pt x 364.47688pt.

Overfull \hbox (135.72719pt too wide) in paragraph at lines 361--362
 [] 
 []

[11]
Overfull \hbox (45.58508pt too wide) in paragraph at lines 387--389
[]\T2A/cmr/bx/n/12 Обработка результатов измерений 3. Постройте график зависимо
сти
 []


Overfull \hbox (15.33173pt too wide) in paragraph at lines 390--391
\T2A/cmr/m/n/12 определим погонную плотность струны $\OML/cmm/m/it/12 ^^Z[]$ \T
2A/cmr/m/n/12 и оценим погрешность результата.
 []

[12 <./pictures/1.4.5 9.jpg>]
<pictures/1.4.5 10.jpg, id=74, 3260.18pt x 1591.9475pt>
File: pictures/1.4.5 10.jpg Graphic file (type jpg)
<use pictures/1.4.5 10.jpg>
Package pdftex.def Info: pictures/1.4.5 10.jpg  used on input line 409.
(pdftex.def)             Requested size: 489.0059pt x 238.78181pt.

Overfull \hbox (99.0059pt too wide) in paragraph at lines 409--410
 [] 
 []


Overfull \hbox (1.5058pt too wide) in paragraph at lines 418--419
[]\T2A/cmr/m/n/12 Полученное значение идентично со значение, указанным на устан
овке. 
 []


Overfull \hbox (3.63359pt too wide) in paragraph at lines 428--429
\OML/cmm/m/it/12 ^^Z[]$ \T2A/cmr/m/n/12 и оценили погрешность результата. А так
 же закрепили уже имевшийся
 []

[13 <./pictures/1.4.5 10.jpg>] [14] (./1.4.5.aux) ) 
Here is how much of TeX's memory you used:
 4904 strings out of 480876
 67025 string characters out of 5911488
 328897 words of memory out of 5000000
 20441 multiletter control sequences out of 15000+600000
 551397 words of font info for 76 fonts, out of 8000000 for 9000
 1141 hyphenation exceptions out of 8191
 36i,11n,33p,853b,207s stack positions out of 5000i,500n,10000p,200000b,80000s
{c:/texlive/2020/texmf-dist/
fonts/enc/dvips/cm-super/cm-super-t2a.enc}{c:/texlive/2020/texmf-dist/fonts/enc
/dvips/cm-super/cm-super-ts1.enc}<c:/texlive/2020/texmf-dist/fonts/type1/public
/amsfonts/cm/cmex10.pfb><c:/texlive/2020/texmf-dist/fonts/type1/public/amsfonts
/cm/cmmi12.pfb><c:/texlive/2020/texmf-dist/fonts/type1/public/amsfonts/cm/cmmi8
.pfb><c:/texlive/2020/texmf-dist/fonts/type1/public/amsfonts/cm/cmr12.pfb><c:/t
exlive/2020/texmf-dist/fonts/type1/public/amsfonts/cm/cmr6.pfb><c:/texlive/2020
/texmf-dist/fonts/type1/public/amsfonts/cm/cmr8.pfb><c:/texlive/2020/texmf-dist
/fonts/type1/public/amsfonts/cm/cmsy10.pfb><c:/texlive/2020/texmf-dist/fonts/ty
pe1/public/amsfonts/cm/cmsy8.pfb><c:/texlive/2020/texmf-dist/fonts/type1/public
/cm-super/sfbx0800.pfb><c:/texlive/2020/texmf-dist/fonts/type1/public/cm-super/
sfbx1200.pfb><c:/texlive/2020/texmf-dist/fonts/type1/public/cm-super/sfrm1200.p
fb><c:/texlive/2020/texmf-dist/fonts/type1/public/cm-super/sfrm1440.pfb><c:/tex
live/2020/texmf-dist/fonts/type1/public/cm-super/sfrm2074.pfb>
Output written on 1.4.5.pdf (15 pages, 5697814 bytes).
PDF statistics:
 126 PDF objects out of 1000 (max. 8388607)
 79 compressed objects within 1 object stream
 0 named destinations out of 1000 (max. 500000)
 46 words of extra memory for PDF output out of 10000 (max. 10000000)

